{
  "0 debug pnpm:scope": {
    "selected": 1,
    "workspacePrefix": "/Users/syd/work/sitak/new/satekPnpm"
  },
  "1 error pnpm": {
    "message": {
      "errno": 1,
      "code": "ELIFECYCLE",
      "pkgid": "@satek/hooks@1.0.0",
      "stage": "build",
      "script": "rimraf ./dist && tsc",
      "pkgname": "@satek/hooks"
    },
    "err": {
      "name": "Error",
      "message": "@satek/hooks@1.0.0 build: `rimraf ./dist && tsc`\nExit status 1",
      "code": "ELIFECYCLE",
      "stack": "Error: @satek/hooks@1.0.0 build: `rimraf ./dist && tsc`\nExit status 1\n    at EventEmitter.<anonymous> (/usr/local/lib/node_modules/pnpm/lib/node_modules/@zkochan/npm-lifecycle/index.js:302:16)\n    at EventEmitter.emit (events.js:321:20)\n    at ChildProcess.<anonymous> (/usr/local/lib/node_modules/pnpm/lib/node_modules/@zkochan/npm-lifecycle/lib/spawn.js:55:14)\n    at ChildProcess.emit (events.js:321:20)\n    at maybeClose (internal/child_process.js:1026:16)\n    at Process.ChildProcess._handle.onexit (internal/child_process.js:286:5)"
    }
  }
}